[22:22:18] [main/INFO] (FabricLoader/GameProvider) Loading Minecraft 1.20.1 with Fabric Loader 0.15.3
[22:22:18] [main/INFO] (FabricLoader) Loading 58 mods:
	- autojump 1.0.0
	- fabric-api 0.90.7+1.20.1
	- fabric-api-base 0.4.30+7abfd51577
	- fabric-api-lookup-api-v1 1.6.35+4d8536c977
	- fabric-biome-api-v1 13.0.12+215bbe9677
	- fabric-block-api-v1 1.0.10+92a0d36777
	- fabric-block-view-api-v2 1.0.0+92a0d36777
	- fabric-blockrenderlayer-v1 1.1.40+b3afc78b77
	- fabric-client-tags-api-v1 1.1.1+97bb207577
	- fabric-command-api-v1 1.2.33+f71b366f77
	- fabric-command-api-v2 2.2.12+b3afc78b77
	- fabric-commands-v0 0.2.50+df3654b377
	- fabric-containers-v0 0.1.63+df3654b377
	- fabric-content-registries-v0 4.0.10+57aed33f77
	- fabric-convention-tags-v1 1.5.4+a1a980da77
	- fabric-crash-report-info-v1 0.2.18+aeb40ebe77
	- fabric-data-generation-api-v1 12.3.2+d7b148e077
	- fabric-dimensions-v1 2.1.53+8536527b77
	- fabric-entity-events-v1 1.5.22+b3afc78b77
	- fabric-events-interaction-v0 0.6.1+e91849a877
	- fabric-events-lifecycle-v0 0.2.62+df3654b377
	- fabric-game-rule-api-v1 1.0.39+ae9f657a77
	- fabric-gametest-api-v1 1.2.12+b3afc78b77
	- fabric-item-api-v1 2.1.27+b3afc78b77
	- fabric-item-group-api-v1 4.0.11+d7b148e077
	- fabric-key-binding-api-v1 1.0.36+fb8d95da77
	- fabric-keybindings-v0 0.2.34+df3654b377
	- fabric-lifecycle-events-v1 2.2.21+b3afc78b77
	- fabric-loot-api-v2 1.2.0+96dfa95977
	- fabric-loot-tables-v1 1.1.44+9e7660c677
	- fabric-message-api-v1 5.1.8+d7b148e077
	- fabric-mining-level-api-v1 2.1.49+b3afc78b77
	- fabric-model-loading-api-v1 1.0.2+709a987177
	- fabric-models-v0 0.4.1+9386d8a777
	- fabric-networking-api-v1 1.3.10+eeb8eb3677
	- fabric-networking-v0 0.3.50+df3654b377
	- fabric-object-builder-api-v1 11.1.2+4ee0bc6077
	- fabric-particles-v1 1.1.1+201a23a077
	- fabric-recipe-api-v1 1.0.20+b3afc78b77
	- fabric-registry-sync-v0 2.3.2+4df89eb277
	- fabric-renderer-api-v1 3.2.0+39a511ba77
	- fabric-renderer-indigo 1.5.0+39a511ba77
	- fabric-renderer-registries-v1 3.2.45+df3654b377
	- fabric-rendering-data-attachment-v1 0.3.36+92a0d36777
	- fabric-rendering-fluids-v1 3.0.27+b3afc78b77
	- fabric-rendering-v0 1.1.48+df3654b377
	- fabric-rendering-v1 3.0.7+b3afc78b77
	- fabric-resource-conditions-api-v1 2.3.6+d7b148e077
	- fabric-resource-loader-v0 0.11.9+132c48c177
	- fabric-screen-api-v1 2.0.7+b3afc78b77
	- fabric-screen-handler-api-v1 1.3.29+b3afc78b77
	- fabric-sound-api-v1 1.0.12+b3afc78b77
	- fabric-transfer-api-v1 3.3.2+1bc31aeb77
	- fabric-transitive-access-wideners-v1 4.3.0+6c31357e77
	- fabricloader 0.15.3
	   \-- mixinextras 0.3.2
	- java 21
	- minecraft 1.20.1
[22:22:19] [main/INFO] (FabricLoader/Mixin) SpongePowered MIXIN Subsystem Version=0.8.5 Source=file:/C:/Users/Darryl/.gradle/caches/modules-2/files-2.1/net.fabricmc/sponge-mixin/0.12.5+mixin.0.8.5/8d31fb97c3e0cd7c8dad3441851c523bcfae6d8e/sponge-mixin-0.12.5+mixin.0.8.5.jar Service=Knot/Fabric Env=CLIENT
[22:22:19] [main/INFO] (FabricLoader/Mixin) Loaded Fabric development mappings for mixin remapper!
[22:22:19] [main/INFO] (FabricLoader/Mixin) Compatibility level set to JAVA_16
[22:22:19] [main/INFO] (FabricLoader/Mixin) Compatibility level set to JAVA_17
[22:22:21] [main/INFO] (FabricLoader/MixinExtras|Service) Initializing MixinExtras via com.llamalad7.mixinextras.service.MixinExtrasServiceImpl(version=0.3.2).
[22:22:29] [Datafixer Bootstrap/INFO] (Minecraft) 188 Datafixer optimizations took 187 milliseconds
[22:22:32] [Render thread/INFO] (Minecraft) [STDERR]: [LWJGL] [ThreadLocalUtil] Unsupported JNI version detected, this may result in a crash. Please inform LWJGL developers.
[22:22:32] [Render thread/INFO] (Minecraft) Environment: authHost='https://authserver.mojang.com', accountsHost='https://api.mojang.com', sessionHost='https://sessionserver.mojang.com', servicesHost='https://api.minecraftservices.com', name='PROD'
[22:22:33] [Render thread/ERROR] (Minecraft) Failed to verify authentication
com.mojang.authlib.exceptions.InvalidCredentialsException: Status: 401
	at com.mojang.authlib.exceptions.MinecraftClientHttpException.toAuthenticationException(MinecraftClientHttpException.java:56) ~[authlib-4.0.43.jar:?]
	at com.mojang.authlib.yggdrasil.YggdrasilUserApiService.fetchProperties(YggdrasilUserApiService.java:156) ~[authlib-4.0.43.jar:?]
	at com.mojang.authlib.yggdrasil.YggdrasilUserApiService.<init>(YggdrasilUserApiService.java:55) ~[authlib-4.0.43.jar:?]
	at com.mojang.authlib.yggdrasil.YggdrasilAuthenticationService.createUserApiService(YggdrasilAuthenticationService.java:124) ~[authlib-4.0.43.jar:?]
	at net.minecraft.client.Minecraft.createUserApiService(Minecraft.java:733) ~[minecraft-merged-project-root-1.20.1-loom.mappings.1_20_1.layered+hash.2198-v2.jar:?]
	at net.minecraft.client.Minecraft.<init>(Minecraft.java:442) ~[minecraft-merged-project-root-1.20.1-loom.mappings.1_20_1.layered+hash.2198-v2.jar:?]
	at net.minecraft.client.main.Main.main(Main.java:211) ~[minecraft-merged-project-root-1.20.1-loom.mappings.1_20_1.layered+hash.2198-v2.jar:?]
	at net.fabricmc.loader.impl.game.minecraft.MinecraftGameProvider.launch(MinecraftGameProvider.java:470) ~[fabric-loader-0.15.3.jar:?]
	at net.fabricmc.loader.impl.launch.knot.Knot.launch(Knot.java:74) ~[fabric-loader-0.15.3.jar:?]
	at net.fabricmc.loader.impl.launch.knot.KnotClient.main(KnotClient.java:23) ~[fabric-loader-0.15.3.jar:?]
	at net.fabricmc.devlaunchinjector.Main.main(Main.java:86) ~[dev-launch-injector-0.2.1+build.8.jar:?]
Caused by: com.mojang.authlib.exceptions.MinecraftClientHttpException: Status: 401
	at com.mojang.authlib.minecraft.client.MinecraftClient.readInputStream(MinecraftClient.java:85) ~[authlib-4.0.43.jar:?]
	at com.mojang.authlib.minecraft.client.MinecraftClient.get(MinecraftClient.java:48) ~[authlib-4.0.43.jar:?]
	at com.mojang.authlib.yggdrasil.YggdrasilUserApiService.fetchProperties(YggdrasilUserApiService.java:129) ~[authlib-4.0.43.jar:?]
	... 9 more
[22:22:33] [Render thread/INFO] (Minecraft) Setting user: Player395
[22:22:33] [Render thread/INFO] (Indigo) [Indigo] Registering Indigo renderer!
[22:22:34] [Render thread/INFO] (Minecraft) Backend library: LWJGL version 3.3.2-snapshot
[22:22:36] [Render thread/INFO] (Minecraft) Reloading ResourceManager: vanilla, fabric (fabric-object-builder-api-v1, fabric-api-lookup-api-v1, fabric-loot-tables-v1, fabric-containers-v0, fabric-rendering-v1, fabric-client-tags-api-v1, fabric-events-interaction-v0, fabric-biome-api-v1, fabric-rendering-fluids-v1, fabric-key-binding-api-v1, fabric-dimensions-v1, fabric-command-api-v2, fabric-api, fabricloader, fabric-gametest-api-v1, autojump, fabric-loot-api-v2, fabric-data-generation-api-v1, fabric-resource-loader-v0, fabric-rendering-data-attachment-v1, fabric-transfer-api-v1, fabric-keybindings-v0, fabric-renderer-indigo, fabric-commands-v0, fabric-networking-v0, fabric-game-rule-api-v1, fabric-blockrenderlayer-v1, fabric-mining-level-api-v1, fabric-models-v0, fabric-rendering-v0, fabric-registry-sync-v0, fabric-events-lifecycle-v0, fabric-content-registries-v0, fabric-message-api-v1, fabric-screen-api-v1, fabric-lifecycle-events-v1, fabric-recipe-api-v1, fabric-sound-api-v1, fabric-renderer-api-v1, fabric-particles-v1, fabric-renderer-registries-v1, fabric-command-api-v1, fabric-resource-conditions-api-v1, fabric-networking-api-v1, fabric-crash-report-info-v1, fabric-item-api-v1, fabric-screen-handler-api-v1, fabric-block-view-api-v2, fabric-item-group-api-v1, fabric-entity-events-v1, fabric-api-base, fabric-model-loading-api-v1, fabric-convention-tags-v1, fabric-block-api-v1, fabric-transitive-access-wideners-v1)
[22:22:36] [Worker-Main-6/INFO] (Minecraft) Found unifont_all_no_pua-15.0.06.hex, loading
[22:22:37] [Realms Notification Availability checker #1/INFO] (Minecraft) Could not authorize you against Realms server: java.lang.RuntimeException: Failed to parse into SignedJWT: FabricMC
[22:22:38] [Render thread/WARN] (Minecraft) Missing sound for event: minecraft:item.goat_horn.play
[22:22:38] [Render thread/WARN] (Minecraft) Missing sound for event: minecraft:entity.goat.screaming.horn_break
[22:22:38] [Render thread/INFO] (Minecraft) OpenAL initialized on device OpenAL Soft on Headphones (EarFun Air Pro 4 Stereo)
[22:22:38] [Render thread/INFO] (Minecraft) Sound engine started
[22:22:38] [Render thread/INFO] (Minecraft) Created: 1024x512x4 minecraft:textures/atlas/blocks.png-atlas
[22:22:39] [Render thread/INFO] (Minecraft) Created: 256x256x4 minecraft:textures/atlas/signs.png-atlas
[22:22:39] [Render thread/INFO] (Minecraft) Created: 512x512x4 minecraft:textures/atlas/shield_patterns.png-atlas
[22:22:39] [Render thread/INFO] (Minecraft) Created: 512x512x4 minecraft:textures/atlas/banner_patterns.png-atlas
[22:22:40] [Render thread/INFO] (Minecraft) Created: 1024x1024x4 minecraft:textures/atlas/armor_trims.png-atlas
[22:22:41] [Render thread/INFO] (Minecraft) Created: 128x64x4 minecraft:textures/atlas/decorated_pot.png-atlas
[22:22:42] [Render thread/INFO] (Minecraft) Created: 256x256x4 minecraft:textures/atlas/chest.png-atlas
[22:22:42] [Render thread/INFO] (Minecraft) Created: 512x256x4 minecraft:textures/atlas/shulker_boxes.png-atlas
[22:22:42] [Render thread/INFO] (Minecraft) Created: 512x256x4 minecraft:textures/atlas/beds.png-atlas
[22:22:43] [Render thread/WARN] (Minecraft) Shader rendertype_entity_translucent_emissive could not find sampler named Sampler2 in the specified shader program.
[22:22:44] [Render thread/INFO] (Minecraft) Created: 256x256x0 minecraft:textures/atlas/particles.png-atlas
[22:22:44] [Render thread/INFO] (Minecraft) Created: 256x256x0 minecraft:textures/atlas/paintings.png-atlas
[22:22:44] [Render thread/INFO] (Minecraft) Created: 128x128x0 minecraft:textures/atlas/mob_effects.png-atlas
[22:22:50] [Render thread/INFO] (Minecraft) Loaded 7 recipes
[22:22:50] [Render thread/INFO] (Minecraft) Loaded 1271 advancements
[22:22:51] [Render thread/INFO] (BiomeModificationImpl) Applied 0 biome modifications to 0 of 64 new biomes in 1.827 ms
[22:22:51] [Server thread/INFO] (Minecraft) Starting integrated minecraft server version 1.20.1
[22:22:51] [Server thread/INFO] (Minecraft) Generating keypair
[22:22:53] [Server thread/INFO] (Minecraft) Preparing start region for dimension minecraft:overworld
[22:22:55] [Render thread/INFO] (Minecraft) Preparing spawn area: 0%
[22:22:55] [Render thread/INFO] (Minecraft) Preparing spawn area: 0%
[22:22:55] [Render thread/INFO] (Minecraft) Preparing spawn area: 0%
[22:22:55] [Render thread/INFO] (Minecraft) Preparing spawn area: 0%
[22:22:55] [Render thread/INFO] (Minecraft) Preparing spawn area: 0%
[22:22:55] [Render thread/INFO] (Minecraft) Preparing spawn area: 0%
[22:22:56] [Render thread/INFO] (Minecraft) Preparing spawn area: 42%
[22:22:56] [Render thread/INFO] (Minecraft) Time elapsed: 3385 ms
[22:22:56] [Server thread/INFO] (Minecraft) Changing view distance to 12, from 10
[22:22:56] [Server thread/INFO] (Minecraft) Changing simulation distance to 12, from 0
[22:22:58] [Server thread/INFO] (Minecraft) Player395[local:E:91d96f20] logged in with entity id 92 at (124.5, 67.0, -23.5)
[22:22:58] [Server thread/INFO] (Minecraft) Player395 joined the game
[22:22:58] [Render thread/INFO] (Minecraft) Loaded 2 advancements
[22:23:03] [Server thread/INFO] (Minecraft) Villager Villager['Villager'/38, l='ServerLevel[New World]', x=192.63, y=80.00, z=90.28] died, message: 'Villager suffocated in a wall'
[22:23:04] [Render thread/INFO] (Minecraft) Villager Villager['Villager'/38, l='ClientLevel', x=192.63, y=80.00, z=90.28] died, message: 'Villager died'
[22:23:16] [Server thread/INFO] (Minecraft) Saving and pausing game...
[22:23:16] [Server thread/INFO] (Minecraft) Saving chunks for level 'ServerLevel[New World]'/minecraft:overworld
[22:23:16] [Server thread/INFO] (Minecraft) Saving chunks for level 'ServerLevel[New World]'/minecraft:the_end
[22:23:16] [Server thread/INFO] (Minecraft) Saving chunks for level 'ServerLevel[New World]'/minecraft:the_nether
[22:24:41] [Server thread/INFO] (Minecraft) Saving and pausing game...
[22:24:42] [Server thread/INFO] (Minecraft) Saving chunks for level 'ServerLevel[New World]'/minecraft:overworld
[22:24:42] [Server thread/INFO] (Minecraft) Saving chunks for level 'ServerLevel[New World]'/minecraft:the_end
[22:24:42] [Server thread/INFO] (Minecraft) Saving chunks for level 'ServerLevel[New World]'/minecraft:the_nether
[22:24:46] [Render thread/INFO] (Minecraft) Loaded 20 advancements
[22:24:52] [Render thread/INFO] (Minecraft) Loaded 24 advancements
[22:25:06] [Server thread/INFO] (Minecraft) Saving and pausing game...
[22:25:06] [Server thread/INFO] (Minecraft) Saving chunks for level 'ServerLevel[New World]'/minecraft:overworld
[22:25:06] [Server thread/INFO] (Minecraft) Saving chunks for level 'ServerLevel[New World]'/minecraft:the_end
[22:25:06] [Server thread/INFO] (Minecraft) Saving chunks for level 'ServerLevel[New World]'/minecraft:the_nether
[22:25:19] [Server thread/INFO] (Minecraft) Saving and pausing game...
[22:25:20] [Server thread/INFO] (Minecraft) Saving chunks for level 'ServerLevel[New World]'/minecraft:overworld
[22:25:20] [Server thread/INFO] (Minecraft) Saving chunks for level 'ServerLevel[New World]'/minecraft:the_end
[22:25:20] [Server thread/INFO] (Minecraft) Saving chunks for level 'ServerLevel[New World]'/minecraft:the_nether
[22:25:20] [Server thread/INFO] (Minecraft) Player395 lost connection: Disconnected
[22:25:20] [Server thread/INFO] (Minecraft) Player395 left the game
[22:25:20] [Server thread/INFO] (Minecraft) Stopping singleplayer server as player logged out
[22:25:20] [Server thread/INFO] (Minecraft) Stopping server
[22:25:20] [Server thread/INFO] (Minecraft) Saving players
[22:25:20] [Server thread/INFO] (Minecraft) Saving worlds
[22:25:21] [Server thread/INFO] (Minecraft) Saving chunks for level 'ServerLevel[New World]'/minecraft:overworld
[22:25:22] [Server thread/INFO] (Minecraft) Saving chunks for level 'ServerLevel[New World]'/minecraft:the_end
[22:25:22] [Server thread/INFO] (Minecraft) Saving chunks for level 'ServerLevel[New World]'/minecraft:the_nether
[22:25:22] [Server thread/INFO] (Minecraft) ThreadedAnvilChunkStorage (New World): All chunks are saved
[22:25:22] [Server thread/INFO] (Minecraft) ThreadedAnvilChunkStorage (DIM1): All chunks are saved
[22:25:22] [Server thread/INFO] (Minecraft) ThreadedAnvilChunkStorage (DIM-1): All chunks are saved
[22:25:22] [Server thread/INFO] (Minecraft) ThreadedAnvilChunkStorage: All dimensions are saved
[22:25:23] [Render thread/INFO] (Minecraft) Stopping!
